2023-12-09 17:55:16,203 - INFO - Successful login: hieee
2023-12-09 18:40:48,599 - INFO - Successful login: hieee
2023-12-10 09:25:02,135 - INFO - Successful login: hieee
2023-12-10 09:26:07,208 - INFO - Successful login: hieee
2023-12-10 16:15:55,097 - INFO - Successful login: hieee
2023-12-10 16:26:43,733 - INFO - Successful login: hieee
2023-12-10 19:09:02,937 - INFO - Successful login: maggymaina
2023-12-10 19:37:54,408 - INFO - Successful login: hieee
2023-12-10 20:01:30,576 - INFO - user_id: 4, google_calendar_token: None
2023-12-10 20:01:30,577 - INFO - user_id: 4, google_calendar_token: None
2023-12-10 20:07:10,839 - INFO - user_id: 4, google_calendar_token: None
2023-12-10 20:07:10,840 - INFO - user_id: 4, google_calendar_token: None
2023-12-10 20:16:14,044 - INFO - user_id: 4, google_calendar_token: None
2023-12-10 20:16:14,046 - INFO - user_id: 4, google_calendar_token: None
2023-12-10 20:19:49,477 - INFO - Successful login: Alukwe
2023-12-10 21:47:03,144 - INFO - Successful login: maggymaina
2023-12-10 21:47:27,782 - INFO - user_id: 6, google_calendar_token: None
2023-12-10 21:47:27,783 - INFO - user_id: 6, google_calendar_token: None
2023-12-10 21:48:51,208 - INFO - user_id: 6, google_calendar_token: None
2023-12-10 21:48:51,211 - INFO - user_id: 6, google_calendar_token: None
2023-12-10 21:52:01,792 - INFO - Successful login: alukwe
2023-12-10 22:44:13,217 - INFO - Successful login: alukwe
2023-12-11 00:50:34,427 - INFO - Successful login: Alukwe
2023-12-11 06:52:57,256 - INFO - Successful login: Alukwe
2023-12-11 06:55:44,179 - INFO - Successful login: Alukwe
2023-12-11 09:44:02,063 - INFO - Successful login: Alukwe
2023-12-11 12:59:15,646 - INFO - Successful login: Alukwe
2023-12-11 13:33:11,162 - INFO - Successful login: Alukwe
2023-12-11 13:36:17,990 - INFO - Successful login: Alukwe
2023-12-11 14:41:31,301 - INFO - Successful login: Alukwe
2024-01-06 01:16:22,643 - INFO - Successful login: audrey1
2024-01-06 01:17:52,105 - INFO - user_id: 10, google_calendar_token: None
2024-01-06 01:17:52,106 - INFO - user_id: 10, google_calendar_token: None
2024-01-06 01:18:51,746 - INFO - user_id: 10, google_calendar_token: None
2024-01-06 01:18:51,750 - INFO - user_id: 10, google_calendar_token: None
2024-01-06 01:19:15,479 - INFO - user_id: 10, google_calendar_token: None
2024-01-06 01:19:15,482 - INFO - user_id: 10, google_calendar_token: None
2024-01-06 01:19:48,203 - INFO - user_id: 10, google_calendar_token: None
2024-01-06 01:19:48,210 - INFO - user_id: 10, google_calendar_token: None
2024-01-06 01:19:56,097 - INFO - user_id: 10, google_calendar_token: None
2024-01-06 01:19:56,103 - INFO - user_id: 10, google_calendar_token: None
2024-01-06 01:20:00,857 - INFO - user_id: 10, google_calendar_token: None
2024-01-06 01:20:00,860 - INFO - user_id: 10, google_calendar_token: None
2024-01-06 01:21:59,255 - INFO - user_id: 10, google_calendar_token: None
2024-01-06 01:21:59,261 - INFO - user_id: 10, google_calendar_token: None
2024-01-06 01:22:03,431 - INFO - user_id: 10, google_calendar_token: None
2024-01-06 01:22:03,434 - INFO - user_id: 10, google_calendar_token: None
2024-01-06 01:22:07,492 - INFO - user_id: 10, google_calendar_token: None
2024-01-06 01:22:07,496 - INFO - user_id: 10, google_calendar_token: None
2024-01-06 02:09:37,552 - INFO - Successful login: audrey6
2024-01-06 02:32:02,973 - INFO - Successful login: audrey12
2024-01-06 02:55:18,264 - INFO - Successful login: audrey13
2024-01-06 03:06:47,505 - INFO - Successful login: audrey14
2024-01-06 03:10:05,851 - INFO - Successful login: audrey14
2024-01-06 03:15:27,236 - INFO - Successful login: audrey
2024-01-06 03:22:22,639 - INFO - Successful login: audrey
2024-01-06 03:31:46,588 - INFO - Successful login: audrey1
2024-01-06 03:40:02,980 - INFO - Successful login: audrey
2024-01-07 23:48:07,654 - INFO - Successful login: Drey
2024-01-18 19:01:42,067 - INFO - Successful login: audrey13
2024-01-19 09:12:58,153 - INFO - Successful login: audrey13
2024-01-20 12:35:52,020 - INFO - Successful login: hope
2024-01-20 14:23:19,287 - INFO - Successful login: audrey13
2024-01-20 14:56:12,940 - INFO - Successful login: audrey13
2024-01-20 15:08:58,214 - INFO - Successful login: audrey13
2024-01-20 15:29:55,146 - INFO - Successful login: audrey13
2024-01-20 15:44:30,764 - INFO - Successful login: nyokabs
2024-01-20 16:01:48,296 - INFO - Successful login: audrey13
2024-01-21 02:34:03,028 - INFO - Successful login: audrey13
2024-01-21 02:34:49,461 - INFO - Successful login: audrey13
2024-01-21 10:02:27,843 - INFO - Successful login: audrey13
2024-01-21 10:10:15,631 - INFO - Successful login: audrey13
2024-01-21 10:16:10,190 - INFO - Successful login: hope
2024-01-21 10:16:36,273 - INFO - Successful login: hope1
2024-01-21 15:34:41,007 - INFO - Successful login: hope1
2024-01-21 16:16:07,526 - INFO - Successful login: Wakesho
2024-01-21 17:18:21,932 - INFO - Successful login: audrey13
